Determining if the pthread_create exist failed with the following output:
Change Dir: /home/borg/catkin_ws/build/CMakeFiles/CMakeTmp

Run Build Command:/usr/bin/make "cmTryCompileExec3010260680/fast"
/usr/bin/make -f CMakeFiles/cmTryCompileExec3010260680.dir/build.make CMakeFiles/cmTryCompileExec3010260680.dir/build
make[1]: Entrando no diretório `/home/borg/catkin_ws/build/CMakeFiles/CMakeTmp'
/usr/bin/cmake -E cmake_progress_report /home/borg/catkin_ws/build/CMakeFiles/CMakeTmp/CMakeFiles 1
Building C object CMakeFiles/cmTryCompileExec3010260680.dir/CheckSymbolExists.c.o
/usr/bin/cc    -o CMakeFiles/cmTryCompileExec3010260680.dir/CheckSymbolExists.c.o   -c /home/borg/catkin_ws/build/CMakeFiles/CMakeTmp/CheckSymbolExists.c
Linking C executable cmTryCompileExec3010260680
/usr/bin/cmake -E cmake_link_script CMakeFiles/cmTryCompileExec3010260680.dir/link.txt --verbose=1
/usr/bin/cc       CMakeFiles/cmTryCompileExec3010260680.dir/CheckSymbolExists.c.o  -o cmTryCompileExec3010260680 -rdynamic 
CMakeFiles/cmTryCompileExec3010260680.dir/CheckSymbolExists.c.o: na função `main':
CheckSymbolExists.c:(.text+0x16): referência indefinida para `pthread_create'
collect2: error: ld returned 1 exit status
make[1]: ** [cmTryCompileExec3010260680] Erro 1
make[1]: Saindo do diretório `/home/borg/catkin_ws/build/CMakeFiles/CMakeTmp'
make: ** [cmTryCompileExec3010260680/fast] Erro 2

File /home/borg/catkin_ws/build/CMakeFiles/CMakeTmp/CheckSymbolExists.c:
/* */
#include <pthread.h>

int main(int argc, char** argv)
{
  (void)argv;
#ifndef pthread_create
  return ((int*)(&pthread_create))[argc];
#else
  (void)argc;
  return 0;
#endif
}

Determining if the function pthread_create exists in the pthreads failed with the following output:
Change Dir: /home/borg/catkin_ws/build/CMakeFiles/CMakeTmp

Run Build Command:/usr/bin/make "cmTryCompileExec778220477/fast"
/usr/bin/make -f CMakeFiles/cmTryCompileExec778220477.dir/build.make CMakeFiles/cmTryCompileExec778220477.dir/build
make[1]: Entrando no diretório `/home/borg/catkin_ws/build/CMakeFiles/CMakeTmp'
/usr/bin/cmake -E cmake_progress_report /home/borg/catkin_ws/build/CMakeFiles/CMakeTmp/CMakeFiles 1
Building C object CMakeFiles/cmTryCompileExec778220477.dir/CheckFunctionExists.c.o
/usr/bin/cc   -DCHECK_FUNCTION_EXISTS=pthread_create   -o CMakeFiles/cmTryCompileExec778220477.dir/CheckFunctionExists.c.o   -c /usr/share/cmake-2.8/Modules/CheckFunctionExists.c
Linking C executable cmTryCompileExec778220477
/usr/bin/cmake -E cmake_link_script CMakeFiles/cmTryCompileExec778220477.dir/link.txt --verbose=1
/usr/bin/cc   -DCHECK_FUNCTION_EXISTS=pthread_create    CMakeFiles/cmTryCompileExec778220477.dir/CheckFunctionExists.c.o  -o cmTryCompileExec778220477 -rdynamic -lpthreads 
/usr/bin/ld: não foi possível encontrar -lpthreads
collect2: error: ld returned 1 exit status
make[1]: ** [cmTryCompileExec778220477] Erro 1
make[1]: Saindo do diretório `/home/borg/catkin_ws/build/CMakeFiles/CMakeTmp'
make: ** [cmTryCompileExec778220477/fast] Erro 2


